Compiled jquery.js  (46ms)  (pid 27046)
Compiled jquery_ujs.js  (0ms)  (pid 27046)
Compiled comments.js  (817ms)  (pid 27046)
Compiled home.js  (1ms)  (pid 27046)
Compiled posts.js  (0ms)  (pid 27046)
Compiled application.js  (1028ms)  (pid 27046)
Compiled comments.css  (54ms)  (pid 27046)
Compiled home.css  (1ms)  (pid 27046)
Compiled posts.css  (26ms)  (pid 27046)
Compiled scaffolds.css  (13ms)  (pid 27046)
Compiled application.css  (118ms)  (pid 27046)
Compiled jquery.js  (3ms)  (pid 27046)
Compiled jquery_ujs.js  (0ms)  (pid 27046)
Compiled comments.js  (171ms)  (pid 27046)
Compiled home.js  (9ms)  (pid 27046)
Compiled posts.js  (0ms)  (pid 27046)
Compiled application.js  (239ms)  (pid 27046)
Compiled comments.css  (187ms)  (pid 27046)
Compiled home.css  (3ms)  (pid 27046)
Compiled posts.css  (25ms)  (pid 27046)
Compiled scaffolds.css  (65ms)  (pid 27046)
Compiled application.css  (446ms)  (pid 27046)
